<?xml version="1.0" encoding="UTF-8"?>
<!-- Generated by org.testng.reporters.JUnitReportReporter -->
<testsuite skipped="0" hostname="2712f44d65b5" name="com.newtours.tests.BookFlightTest" tests="20" failures="0" timestamp="13 Feb 2022 15:26:50 GMT" time="51.864" errors="0">
  <testcase name="registrationConfirmationPage" time="0.673" classname="com.newtours.tests.BookFlightTest"/>
  <testcase name="registrationPageTest" time="11.044" classname="com.newtours.tests.BookFlightTest"/>
  <testcase name="SelectFlightTest" time="0.927" classname="com.newtours.tests.BookFlightTest"/>
  <testcase name="FlightConfirmationTest" time="0.644" classname="com.newtours.tests.BookFlightTest"/>
  <testcase name="flightDetailsTest" time="2.770" classname="com.newtours.tests.BookFlightTest"/>
  <testcase name="FlightConfirmationTest" time="0.920" classname="com.newtours.tests.BookFlightTest"/>
  <testcase name="registrationPageTest" time="6.068" classname="com.newtours.tests.BookFlightTest"/>
  <testcase name="flightDetailsTest" time="2.112" classname="com.newtours.tests.BookFlightTest"/>
  <testcase name="SelectFlightTest" time="0.911" classname="com.newtours.tests.BookFlightTest"/>
  <testcase name="registrationPageTest" time="8.149" classname="com.newtours.tests.BookFlightTest"/>
  <testcase name="FlightConfirmationTest" time="0.714" classname="com.newtours.tests.BookFlightTest"/>
  <testcase name="registrationConfirmationPage" time="0.625" classname="com.newtours.tests.BookFlightTest"/>
  <testcase name="flightDetailsTest" time="3.190" classname="com.newtours.tests.BookFlightTest"/>
  <testcase name="FlightConfirmationTest" time="0.835" classname="com.newtours.tests.BookFlightTest"/>
  <testcase name="SelectFlightTest" time="0.826" classname="com.newtours.tests.BookFlightTest"/>
  <testcase name="registrationPageTest" time="7.024" classname="com.newtours.tests.BookFlightTest"/>
  <testcase name="flightDetailsTest" time="1.935" classname="com.newtours.tests.BookFlightTest"/>
  <testcase name="registrationConfirmationPage" time="0.497" classname="com.newtours.tests.BookFlightTest"/>
  <testcase name="SelectFlightTest" time="1.414" classname="com.newtours.tests.BookFlightTest"/>
  <testcase name="registrationConfirmationPage" time="0.586" classname="com.newtours.tests.BookFlightTest"/>
</testsuite> <!-- com.newtours.tests.BookFlightTest -->
