<?xml version="1.0" encoding="UTF-8"?>
<!-- Generated by org.testng.reporters.JUnitReportReporter -->
<testsuite skipped="0" hostname="136f46ba00e4" name="com.searchmodule.tests.SearchTests" tests="5" failures="0" timestamp="13 Feb 2022 15:26:54 GMT" time="41.839" errors="0">
  <testcase name="search" time="7.703" classname="com.searchmodule.tests.SearchTests"/>
  <testcase name="search" time="15.095" classname="com.searchmodule.tests.SearchTests"/>
  <testcase name="search" time="7.522" classname="com.searchmodule.tests.SearchTests"/>
  <testcase name="search" time="6.411" classname="com.searchmodule.tests.SearchTests"/>
  <testcase name="search" time="5.108" classname="com.searchmodule.tests.SearchTests"/>
</testsuite> <!-- com.searchmodule.tests.SearchTests -->
