<?xml version="1.0" encoding="UTF-8"?>
<!-- Generated by org.testng.reporters.JUnitReportReporter -->
<testsuite skipped="0" hostname="e5001ccda64f" name="com.newtours.tests.BookFlightTest" tests="20" failures="0" timestamp="13 Feb 2022 15:27:23 GMT" time="47.013" errors="0">
  <testcase name="registrationPageTest" time="12.911" classname="com.newtours.tests.BookFlightTest"/>
  <testcase name="FlightConfirmationTest" time="0.432" classname="com.newtours.tests.BookFlightTest"/>
  <testcase name="registrationConfirmationPage" time="0.386" classname="com.newtours.tests.BookFlightTest"/>
  <testcase name="registrationPageTest" time="5.969" classname="com.newtours.tests.BookFlightTest"/>
  <testcase name="SelectFlightTest" time="0.696" classname="com.newtours.tests.BookFlightTest"/>
  <testcase name="FlightConfirmationTest" time="0.736" classname="com.newtours.tests.BookFlightTest"/>
  <testcase name="registrationConfirmationPage" time="0.765" classname="com.newtours.tests.BookFlightTest"/>
  <testcase name="SelectFlightTest" time="2.202" classname="com.newtours.tests.BookFlightTest"/>
  <testcase name="registrationPageTest" time="5.817" classname="com.newtours.tests.BookFlightTest"/>
  <testcase name="FlightConfirmationTest" time="0.696" classname="com.newtours.tests.BookFlightTest"/>
  <testcase name="registrationConfirmationPage" time="0.408" classname="com.newtours.tests.BookFlightTest"/>
  <testcase name="registrationPageTest" time="5.941" classname="com.newtours.tests.BookFlightTest"/>
  <testcase name="flightDetailsTest" time="1.517" classname="com.newtours.tests.BookFlightTest"/>
  <testcase name="flightDetailsTest" time="1.770" classname="com.newtours.tests.BookFlightTest"/>
  <testcase name="SelectFlightTest" time="0.617" classname="com.newtours.tests.BookFlightTest"/>
  <testcase name="registrationConfirmationPage" time="0.391" classname="com.newtours.tests.BookFlightTest"/>
  <testcase name="FlightConfirmationTest" time="0.432" classname="com.newtours.tests.BookFlightTest"/>
  <testcase name="flightDetailsTest" time="2.013" classname="com.newtours.tests.BookFlightTest"/>
  <testcase name="SelectFlightTest" time="0.782" classname="com.newtours.tests.BookFlightTest"/>
  <testcase name="flightDetailsTest" time="2.532" classname="com.newtours.tests.BookFlightTest"/>
</testsuite> <!-- com.newtours.tests.BookFlightTest -->
