<?xml version="1.0" encoding="UTF-8"?>
<!-- Generated by org.testng.reporters.JUnitReportReporter -->
<testsuite skipped="0" hostname="4cf961478e2e" name="com.searchmodule.tests.SearchTests" tests="5" failures="0" timestamp="13 Feb 2022 15:27:09 GMT" time="52.592" errors="0">
  <testcase name="search" time="16.239" classname="com.searchmodule.tests.SearchTests"/>
  <testcase name="search" time="13.560" classname="com.searchmodule.tests.SearchTests"/>
  <testcase name="search" time="4.349" classname="com.searchmodule.tests.SearchTests"/>
  <testcase name="search" time="13.912" classname="com.searchmodule.tests.SearchTests"/>
  <testcase name="search" time="4.532" classname="com.searchmodule.tests.SearchTests"/>
</testsuite> <!-- com.searchmodule.tests.SearchTests -->
